[debug] [2021-09-16T16:14:41.990Z] ----------------------------------------------------------------------
[debug] [2021-09-16T16:14:41.992Z] Command:       /usr/local/bin/firebase /Users/sanaakbani/.cache/firebase/tools/lib/node_modules/firebase-tools/lib/bin/firebase emulators:start --only hosting
[debug] [2021-09-16T16:14:41.992Z] CLI Version:   9.17.0
[debug] [2021-09-16T16:14:41.992Z] Platform:      darwin
[debug] [2021-09-16T16:14:41.992Z] Node Version:  v12.18.1
[debug] [2021-09-16T16:14:41.998Z] Time:          Thu Sep 16 2021 11:14:41 GMT-0500 (Central Daylight Time)
[debug] [2021-09-16T16:14:41.998Z] ----------------------------------------------------------------------
[debug] 
[debug] [2021-09-16T16:14:42.002Z] >>> [apiv2][query] GET https://firebase-public.firebaseio.com/cli.json [none]
[debug] [2021-09-16T16:14:42.055Z] > command requires scopes: ["email","openid","https://www.googleapis.com/auth/cloudplatformprojects.readonly","https://www.googleapis.com/auth/firebase","https://www.googleapis.com/auth/cloud-platform"]
[debug] [2021-09-16T16:14:42.056Z] > authorizing via signed-in user (sanatakbani@gmail.com)
[info] i  emulators: Starting emulators: hosting {"metadata":{"emulator":{"name":"hub"},"message":"Starting emulators: hosting"}}
[warn] ⚠  emulators: It seems that you are running multiple instances of the emulator suite for project sana-akbani. This may result in unexpected behavior. 
[debug] [2021-09-16T16:14:42.085Z] [hub] writing locator at /var/folders/n6/3scmby35617dyxgcnkx9dbkh0000gn/T/hub-sana-akbani.json
[debug] [2021-09-16T16:14:42.101Z] > refreshing access token with scopes: []
[debug] [2021-09-16T16:14:42.101Z] >>> HTTP REQUEST POST https://www.googleapis.com/oauth2/v3/token  
 <request body omitted>
[debug] [2021-09-16T16:14:42.213Z] <<< HTTP RESPONSE 200 {"cache-control":"no-cache, no-store, max-age=0, must-revalidate","date":"Thu, 16 Sep 2021 16:14:42 GMT","expires":"Mon, 01 Jan 1990 00:00:00 GMT","pragma":"no-cache","content-type":"application/json; charset=utf-8","vary":"X-Origin, Referer, Origin,Accept-Encoding","server":"scaffolding on HTTPServer2","x-xss-protection":"0","x-frame-options":"SAMEORIGIN","x-content-type-options":"nosniff","alt-svc":"h3=\":443\"; ma=2592000,h3-29=\":443\"; ma=2592000,h3-T051=\":443\"; ma=2592000,h3-Q050=\":443\"; ma=2592000,h3-Q046=\":443\"; ma=2592000,h3-Q043=\":443\"; ma=2592000,quic=\":443\"; ma=2592000; v=\"46,43\"","accept-ranges":"none","transfer-encoding":"chunked"}
[debug] [2021-09-16T16:14:42.263Z] >>> [apiv2][query] GET https://firebasehosting.googleapis.com/v1beta1/projects/sana-akbani/sites 
[debug] [2021-09-16T16:14:42.268Z] <<< [apiv2][status] GET https://firebase-public.firebaseio.com/cli.json 200
[debug] [2021-09-16T16:14:42.268Z] <<< [apiv2][body] GET https://firebase-public.firebaseio.com/cli.json {"cloudBuildErrorAfter":1594252800000,"cloudBuildWarnAfter":1590019200000,"defaultNode10After":1594252800000,"minVersion":"3.0.5","node8DeploysDisabledAfter":1613390400000,"node8RuntimeDisabledAfter":1615809600000,"node8WarnAfter":1600128000000}
[debug] [2021-09-16T16:14:42.486Z] <<< [apiv2][status] GET https://firebasehosting.googleapis.com/v1beta1/projects/sana-akbani/sites 200
[debug] [2021-09-16T16:14:42.487Z] <<< [apiv2][body] GET https://firebasehosting.googleapis.com/v1beta1/projects/sana-akbani/sites {"sites":[{"name":"projects/51706463806/sites/sana-akbani","defaultUrl":"https://sana-akbani.web.app","appId":"1:51706463806:web:b4a020414e669ef604736f","type":"DEFAULT_SITE"}]}
[debug] [2021-09-16T16:14:42.487Z] >>> [apiv2][query] GET https://firebase.googleapis.com/v1beta1/projects/sana-akbani/webApps/1:51706463806:web:b4a020414e669ef604736f/config [none]
[debug] [2021-09-16T16:14:42.897Z] <<< [apiv2][status] GET https://firebase.googleapis.com/v1beta1/projects/sana-akbani/webApps/1:51706463806:web:b4a020414e669ef604736f/config 200
[debug] [2021-09-16T16:14:42.898Z] <<< [apiv2][body] GET https://firebase.googleapis.com/v1beta1/projects/sana-akbani/webApps/1:51706463806:web:b4a020414e669ef604736f/config {"projectId":"sana-akbani","appId":"1:51706463806:web:b4a020414e669ef604736f","databaseURL":"https://sana-akbani-default-rtdb.firebaseio.com","storageBucket":"sana-akbani.appspot.com","apiKey":"AIzaSyCSZuVyjRzpHMPx0wCHa9DKK7f9YAXPajg","authDomain":"sana-akbani.firebaseapp.com","messagingSenderId":"51706463806","measurementId":"G-W93L6HJC18"}
[info] i  hosting: Serving hosting files from: public {"metadata":{"emulator":{"name":"hosting"},"message":"Serving hosting files from: \u001b[1mpublic\u001b[22m"}}
[info] ✔  hosting: Local server: http://localhost:5000 {"metadata":{"emulator":{"name":"hosting"},"message":"Local server: \u001b[4m\u001b[1mhttp://localhost:5000\u001b[22m\u001b[24m"}}
[warn] ⚠  emulators: The Emulator UI requires a project ID to start. Configure your default project with 'firebase use' or pass the --project flag. {"metadata":{"emulator":{"name":"hub"},"message":"The Emulator UI requires a project ID to start. Configure your default project with 'firebase use' or pass the --project flag."}}
[info] 
┌─────────────────────────────────────────────────────────────┐
│ ✔  All emulators ready! It is now safe to connect your app. │
└─────────────────────────────────────────────────────────────┘

┌──────────┬────────────────┐
│ Emulator │ Host:Port      │
├──────────┼────────────────┤
│ Hosting  │ localhost:5000 │
└──────────┴────────────────┘
  Emulator Hub running at localhost:4400
  Other reserved ports: None

Issues? Report them at https://github.com/firebase/firebase-tools/issues and attach the *-debug.log files.
 
