[debug] [2021-09-28T23:03:31.503Z] ----------------------------------------------------------------------
[debug] [2021-09-28T23:03:31.505Z] Command:       /usr/local/bin/firebase /Users/sanaakbani/.cache/firebase/tools/lib/node_modules/firebase-tools/lib/bin/firebase init
[debug] [2021-09-28T23:03:31.505Z] CLI Version:   9.17.0
[debug] [2021-09-28T23:03:31.505Z] Platform:      darwin
[debug] [2021-09-28T23:03:31.505Z] Node Version:  v12.18.1
[debug] [2021-09-28T23:03:31.510Z] Time:          Tue Sep 28 2021 18:03:31 GMT-0500 (Central Daylight Time)
[debug] [2021-09-28T23:03:31.510Z] ----------------------------------------------------------------------
[debug] 
[debug] [2021-09-28T23:03:31.514Z] >>> [apiv2][query] GET https://firebase-public.firebaseio.com/cli.json [none]
[debug] [2021-09-28T23:03:31.572Z] > command requires scopes: ["email","openid","https://www.googleapis.com/auth/cloudplatformprojects.readonly","https://www.googleapis.com/auth/firebase","https://www.googleapis.com/auth/cloud-platform"]
[debug] [2021-09-28T23:03:31.572Z] > authorizing via signed-in user (sanatakbani@gmail.com)
[info] 
     ######## #### ########  ######## ########     ###     ######  ########
     ##        ##  ##     ## ##       ##     ##  ##   ##  ##       ##
     ######    ##  ########  ######   ########  #########  ######  ######
     ##        ##  ##    ##  ##       ##     ## ##     ##       ## ##
     ##       #### ##     ## ######## ########  ##     ##  ######  ########

You're about to initialize a Firebase project in this directory:

  /Users/sanaakbani/Documents/GitHub/portfolio

Before we get started, keep in mind:

  * You are initializing within an existing Firebase project directory

[debug] [2021-09-28T23:03:31.716Z] <<< [apiv2][status] GET https://firebase-public.firebaseio.com/cli.json 200
[debug] [2021-09-28T23:03:31.717Z] <<< [apiv2][body] GET https://firebase-public.firebaseio.com/cli.json {"cloudBuildErrorAfter":1594252800000,"cloudBuildWarnAfter":1590019200000,"defaultNode10After":1594252800000,"minVersion":"3.0.5","node8DeploysDisabledAfter":1613390400000,"node8RuntimeDisabledAfter":1615809600000,"node8WarnAfter":1600128000000}
[info] 
=== Project Setup
[info] 
[info] First, let's associate this project directory with a Firebase project.
[info] You can create multiple project aliases by running firebase use --add, 
[info] but for now we'll just set up a default project.
[info] 
[info] i  .firebaserc already has a default project, using sana-akbani. 
[debug] [2021-09-28T23:03:45.331Z] > refreshing access token with scopes: []
[debug] [2021-09-28T23:03:45.332Z] >>> HTTP REQUEST POST https://www.googleapis.com/oauth2/v3/token  
 <request body omitted>
[debug] [2021-09-28T23:03:45.476Z] <<< HTTP RESPONSE 200 {"date":"Tue, 28 Sep 2021 23:03:45 GMT","pragma":"no-cache","cache-control":"no-cache, no-store, max-age=0, must-revalidate","expires":"Mon, 01 Jan 1990 00:00:00 GMT","content-type":"application/json; charset=utf-8","vary":"X-Origin, Referer, Origin,Accept-Encoding","server":"scaffolding on HTTPServer2","x-xss-protection":"0","x-frame-options":"SAMEORIGIN","x-content-type-options":"nosniff","alt-svc":"h3=\":443\"; ma=2592000,h3-29=\":443\"; ma=2592000,h3-T051=\":443\"; ma=2592000,h3-Q050=\":443\"; ma=2592000,h3-Q046=\":443\"; ma=2592000,h3-Q043=\":443\"; ma=2592000,quic=\":443\"; ma=2592000; v=\"46,43\"","accept-ranges":"none","transfer-encoding":"chunked"}
[debug] [2021-09-28T23:03:45.525Z] >>> [apiv2][query] GET https://firebase.googleapis.com/v1beta1/projects/sana-akbani [none]
[debug] [2021-09-28T23:03:45.737Z] <<< [apiv2][status] GET https://firebase.googleapis.com/v1beta1/projects/sana-akbani 200
[debug] [2021-09-28T23:03:45.738Z] <<< [apiv2][body] GET https://firebase.googleapis.com/v1beta1/projects/sana-akbani {"projectId":"sana-akbani","projectNumber":"51706463806","displayName":"portfolio","name":"projects/sana-akbani","resources":{"hostingSite":"sana-akbani","realtimeDatabaseInstance":"sana-akbani-default-rtdb"},"state":"ACTIVE"}
[info] 
=== Database Setup
[info] i  database: ensuring required API firebasedatabase.googleapis.com is enabled... 
[debug] [2021-09-28T23:03:45.742Z] > refreshing access token with scopes: ["email","https://www.googleapis.com/auth/cloud-platform","https://www.googleapis.com/auth/cloudplatformprojects.readonly","https://www.googleapis.com/auth/firebase","openid"]
[debug] [2021-09-28T23:03:45.743Z] >>> HTTP REQUEST POST https://www.googleapis.com/oauth2/v3/token  
 <request body omitted>
[debug] [2021-09-28T23:03:45.824Z] <<< HTTP RESPONSE 200 {"pragma":"no-cache","date":"Tue, 28 Sep 2021 23:03:45 GMT","cache-control":"no-cache, no-store, max-age=0, must-revalidate","expires":"Mon, 01 Jan 1990 00:00:00 GMT","content-type":"application/json; charset=utf-8","vary":"X-Origin, Referer, Origin,Accept-Encoding","server":"scaffolding on HTTPServer2","x-xss-protection":"0","x-frame-options":"SAMEORIGIN","x-content-type-options":"nosniff","alt-svc":"h3=\":443\"; ma=2592000,h3-29=\":443\"; ma=2592000,h3-T051=\":443\"; ma=2592000,h3-Q050=\":443\"; ma=2592000,h3-Q046=\":443\"; ma=2592000,h3-Q043=\":443\"; ma=2592000,quic=\":443\"; ma=2592000; v=\"46,43\"","accept-ranges":"none","transfer-encoding":"chunked"}
[debug] [2021-09-28T23:03:45.871Z] >>> HTTP REQUEST GET https://serviceusage.googleapis.com/v1/projects/sana-akbani/services/firebasedatabase.googleapis.com  
 
[debug] [2021-09-28T23:03:46.084Z] <<< HTTP RESPONSE 200 {"content-type":"application/json; charset=UTF-8","vary":"X-Origin, Referer, Origin,Accept-Encoding","date":"Tue, 28 Sep 2021 23:03:46 GMT","server":"ESF","cache-control":"private","x-xss-protection":"0","x-frame-options":"SAMEORIGIN","x-content-type-options":"nosniff","alt-svc":"h3=\":443\"; ma=2592000,h3-29=\":443\"; ma=2592000,h3-T051=\":443\"; ma=2592000,h3-Q050=\":443\"; ma=2592000,h3-Q046=\":443\"; ma=2592000,h3-Q043=\":443\"; ma=2592000,quic=\":443\"; ma=2592000; v=\"46,43\"","accept-ranges":"none","transfer-encoding":"chunked"}
[info] ✔  database: required API firebasedatabase.googleapis.com is enabled 
[info] 
[debug] [2021-09-28T23:03:46.090Z] > refreshing access token with scopes: []
[debug] [2021-09-28T23:03:46.090Z] >>> HTTP REQUEST POST https://www.googleapis.com/oauth2/v3/token  
 <request body omitted>
[debug] [2021-09-28T23:03:46.161Z] <<< HTTP RESPONSE 200 {"pragma":"no-cache","date":"Tue, 28 Sep 2021 23:03:46 GMT","cache-control":"no-cache, no-store, max-age=0, must-revalidate","expires":"Mon, 01 Jan 1990 00:00:00 GMT","content-type":"application/json; charset=utf-8","vary":"X-Origin, Referer, Origin,Accept-Encoding","server":"scaffolding on HTTPServer2","x-xss-protection":"0","x-frame-options":"SAMEORIGIN","x-content-type-options":"nosniff","alt-svc":"h3=\":443\"; ma=2592000,h3-29=\":443\"; ma=2592000,h3-T051=\":443\"; ma=2592000,h3-Q050=\":443\"; ma=2592000,h3-Q046=\":443\"; ma=2592000,h3-Q043=\":443\"; ma=2592000,quic=\":443\"; ma=2592000; v=\"46,43\"","accept-ranges":"none","transfer-encoding":"chunked"}
[debug] [2021-09-28T23:03:46.205Z] >>> [apiv2][query] GET https://firebase.googleapis.com/v1beta1/projects/sana-akbani [none]
[debug] [2021-09-28T23:03:46.405Z] <<< [apiv2][status] GET https://firebase.googleapis.com/v1beta1/projects/sana-akbani 200
[debug] [2021-09-28T23:03:46.405Z] <<< [apiv2][body] GET https://firebase.googleapis.com/v1beta1/projects/sana-akbani {"projectId":"sana-akbani","projectNumber":"51706463806","displayName":"portfolio","name":"projects/sana-akbani","resources":{"hostingSite":"sana-akbani","realtimeDatabaseInstance":"sana-akbani-default-rtdb"},"state":"ACTIVE"}
[debug] [2021-09-28T23:03:46.406Z] > refreshing access token with scopes: ["email","https://www.googleapis.com/auth/cloud-platform","https://www.googleapis.com/auth/cloudplatformprojects.readonly","https://www.googleapis.com/auth/firebase","openid"]
[debug] [2021-09-28T23:03:46.406Z] >>> HTTP REQUEST POST https://www.googleapis.com/oauth2/v3/token  
 <request body omitted>
[debug] [2021-09-28T23:03:46.466Z] <<< HTTP RESPONSE 200 {"pragma":"no-cache","cache-control":"no-cache, no-store, max-age=0, must-revalidate","expires":"Mon, 01 Jan 1990 00:00:00 GMT","date":"Tue, 28 Sep 2021 23:03:46 GMT","content-type":"application/json; charset=utf-8","vary":"X-Origin, Referer, Origin,Accept-Encoding","server":"scaffolding on HTTPServer2","x-xss-protection":"0","x-frame-options":"SAMEORIGIN","x-content-type-options":"nosniff","alt-svc":"h3=\":443\"; ma=2592000,h3-29=\":443\"; ma=2592000,h3-T051=\":443\"; ma=2592000,h3-Q050=\":443\"; ma=2592000,h3-Q046=\":443\"; ma=2592000,h3-Q043=\":443\"; ma=2592000,quic=\":443\"; ma=2592000; v=\"46,43\"","accept-ranges":"none","transfer-encoding":"chunked"}
[debug] [2021-09-28T23:03:46.506Z] >>> HTTP REQUEST GET https://firebasedatabase.googleapis.com/v1beta/projects/sana-akbani/locations/-/instances/sana-akbani-default-rtdb  
 
[debug] [2021-09-28T23:03:46.867Z] <<< HTTP RESPONSE 200 {"content-type":"application/json; charset=UTF-8","vary":"X-Origin, Referer, Origin,Accept-Encoding","date":"Tue, 28 Sep 2021 23:03:46 GMT","server":"ESF","cache-control":"private","x-xss-protection":"0","x-frame-options":"SAMEORIGIN","x-content-type-options":"nosniff","alt-svc":"h3=\":443\"; ma=2592000,h3-29=\":443\"; ma=2592000,h3-T051=\":443\"; ma=2592000,h3-Q050=\":443\"; ma=2592000,h3-Q046=\":443\"; ma=2592000,h3-Q043=\":443\"; ma=2592000,quic=\":443\"; ma=2592000; v=\"46,43\"","accept-ranges":"none","transfer-encoding":"chunked"}
[info] 
[info] Firebase Realtime Database Security Rules allow you to define how your data should be
[info] structured and when your data can be read from and written to.
[info] 
[debug] [2021-09-28T23:03:46.875Z] >>> HTTP REQUEST GET https://sana-akbani-default-rtdb.firebaseio.com/.settings/rules.json  
 
[debug] [2021-09-28T23:03:47.022Z] <<< HTTP RESPONSE 200 {"server":"nginx","date":"Tue, 28 Sep 2021 23:03:47 GMT","content-type":"application/json; charset=utf-8","content-length":"161","connection":"keep-alive","access-control-allow-origin":"*","cache-control":"no-cache","strict-transport-security":"max-age=31556926; includeSubDomains; preload"}
[info] ✔  Database Rules for sana-akbani-default-rtdb have been written to database.rules.json. 
[info] Future modifications to database.rules.json will update Realtime Database Security Rules when you run
[info] firebase deploy.
[info] 
=== Hosting:github Setup
[info] 
[info] i  Detected a .git folder at /Users/sanaakbani/Documents/GitHub/portfolio 
[info] i  Authorizing with GitHub to upload your service account to a GitHub repository's secrets store. 
[info] 
[info] Visit this URL on this device to log in:
[info] https://github.com/login/oauth/authorize?client_id=89cf50f02ac6aaed3484&state=629621733&redirect_uri=http%3A%2F%2Flocalhost%3A9005&scope=read%3Auser%20repo%20public_repo
[info] 
[info] Waiting for authentication...
[debug] [2021-09-28T23:03:53.481Z] >>> HTTP REQUEST POST https://github.com/login/oauth/access_token  
 {"client_id":"89cf50f02ac6aaed3484","client_secret":"3330d14abc895d9a74d5f17cd7a00711fa2c5bf0","code":"085e18c6f00cdd05cc0a","redirect_uri":"http://localhost:9005","state":"629621733"}
[debug] [2021-09-28T23:03:53.712Z] <<< HTTP RESPONSE 200 {"server":"GitHub.com","date":"Tue, 28 Sep 2021 23:03:53 GMT","content-type":"application/json; charset=utf-8","transfer-encoding":"chunked","vary":"X-PJAX, X-PJAX-Container, Accept-Encoding, Accept, X-Requested-With","permissions-policy":"interest-cohort=()","etag":"W/\"f258f4442825ad608e6118451c75a978\"","cache-control":"max-age=0, private, must-revalidate","strict-transport-security":"max-age=31536000; includeSubdomains; preload","x-frame-options":"deny","x-content-type-options":"nosniff","x-xss-protection":"0","referrer-policy":"origin-when-cross-origin, strict-origin-when-cross-origin","expect-ct":"max-age=2592000, report-uri=\"https://api.github.com/_private/browser/errors\"","content-security-policy":"default-src 'none'; base-uri 'self'; block-all-mixed-content; child-src github.com/javascripts/worker/ gist.github.com/javascripts/worker/; connect-src 'self' uploads.github.com www.githubstatus.com collector.githubapp.com api.github.com github-cloud.s3.amazonaws.com github-production-repository-file-5c1aeb.s3.amazonaws.com github-production-upload-manifest-file-7fdce7.s3.amazonaws.com github-production-user-asset-6210df.s3.amazonaws.com cdn.optimizely.com logx.optimizely.com/v1/events translator.github.com wss://alive.github.com; font-src github.githubassets.com; form-action 'self' github.com gist.github.com; frame-ancestors 'none'; frame-src render.githubusercontent.com viewscreen.githubusercontent.com; img-src 'self' data: github.githubassets.com identicons.github.com collector.githubapp.com github-cloud.s3.amazonaws.com secured-user-images.githubusercontent.com/ *.githubusercontent.com; manifest-src 'self'; media-src github.com user-images.githubusercontent.com/; script-src github.githubassets.com; style-src 'unsafe-inline' github.githubassets.com; worker-src github.com/javascripts/worker/ gist.github.com/javascripts/worker/ github.com/socket-worker-0af8a29d.js gist.github.com/socket-worker-0af8a29d.js","x-github-request-id":"EFCB:6298:4E8C:7D3A:61539F59"}
[debug] [2021-09-28T23:03:53.721Z] >>> [apiv2][query] GET https://api.github.com/user [none]
[debug] [2021-09-28T23:03:53.924Z] <<< [apiv2][status] GET https://api.github.com/user 200
[debug] [2021-09-28T23:03:53.924Z] <<< [apiv2][body] GET https://api.github.com/user {"login":"sanaakbani","id":86171834,"node_id":"MDQ6VXNlcjg2MTcxODM0","avatar_url":"https://avatars.githubusercontent.com/u/86171834?v=4","gravatar_id":"","url":"https://api.github.com/users/sanaakbani","html_url":"https://github.com/sanaakbani","followers_url":"https://api.github.com/users/sanaakbani/followers","following_url":"https://api.github.com/users/sanaakbani/following{/other_user}","gists_url":"https://api.github.com/users/sanaakbani/gists{/gist_id}","starred_url":"https://api.github.com/users/sanaakbani/starred{/owner}{/repo}","subscriptions_url":"https://api.github.com/users/sanaakbani/subscriptions","organizations_url":"https://api.github.com/users/sanaakbani/orgs","repos_url":"https://api.github.com/users/sanaakbani/repos","events_url":"https://api.github.com/users/sanaakbani/events{/privacy}","received_events_url":"https://api.github.com/users/sanaakbani/received_events","type":"User","site_admin":false,"name":"Sana Akbani","company":null,"blog":"","location":null,"email":null,"hireable":true,"bio":null,"twitter_username":null,"public_repos":11,"public_gists":0,"followers":0,"following":0,"created_at":"2021-06-19T22:34:54Z","updated_at":"2021-09-03T02:53:20Z","private_gists":0,"total_private_repos":0,"owned_private_repos":0,"disk_usage":21057,"collaborators":0,"two_factor_authentication":false,"plan":{"name":"pro","space":976562499,"collaborators":0,"private_repos":9999}}
[info] 
[info] ✔  Success! Logged into GitHub as sanaakbani 
[info] 
[debug] [2021-09-28T23:07:51.535Z] >>> [apiv2][query] GET https://api.github.com/repos//actions/secrets/public-key type=owner
[debug] [2021-09-28T23:07:51.791Z] <<< [apiv2][status] GET https://api.github.com/repos//actions/secrets/public-key 404
[debug] [2021-09-28T23:07:51.791Z] <<< [apiv2][body] GET https://api.github.com/repos//actions/secrets/public-key {"message":"Not Found","documentation_url":"https://docs.github.com/rest"}
[debug] [2021-09-28T23:12:32.177Z] >>> [apiv2][query] GET https://api.github.com/repos//actions/secrets/public-key type=owner
[debug] [2021-09-28T23:12:32.363Z] <<< [apiv2][status] GET https://api.github.com/repos//actions/secrets/public-key 404
[debug] [2021-09-28T23:12:32.363Z] <<< [apiv2][body] GET https://api.github.com/repos//actions/secrets/public-key {"message":"Not Found","documentation_url":"https://docs.github.com/rest"}
[debug] [2021-09-28T23:12:32.711Z] >>> [apiv2][query] GET https://api.github.com/repos//actions/secrets/public-key type=owner
[debug] [2021-09-28T23:12:32.866Z] <<< [apiv2][status] GET https://api.github.com/repos//actions/secrets/public-key 404
[debug] [2021-09-28T23:12:32.867Z] <<< [apiv2][body] GET https://api.github.com/repos//actions/secrets/public-key {"message":"Not Found","documentation_url":"https://docs.github.com/rest"}
